<?xml version="1.0" encoding="UTF-8"?>
<!-- Generated by org.testng.reporters.JUnitXMLReporter -->
<testsuite ignored="0" hostname="IN-HTJWDK3" failures="0" tests="3" name="Test" time="25.865" errors="0" timestamp="03 Aug 2023 15:24:08 GMT">
  <testcase classname="testcases.NewUserJourney" name="loginAccount" time="6.223"/>
  <testcase classname="testcases.PIMValidationTests" name="checkMainLinks" time="10.096"/>
  <testcase classname="testcases.DashboardValidationTests" name="checkDashboard" time="9.519"/>
</testsuite> <!-- Test -->
