<?xml version="1.0" encoding="UTF-8"?>
<testng-results ignored="0" total="3" passed="3" failed="0" skipped="0">
  <reporter-output>
  </reporter-output>
  <suite started-at="2023-08-03T15:23:43Z" name="Suite" finished-at="2023-08-03T15:24:08Z" duration-ms="25865">
    <groups>
    </groups>
    <test started-at="2023-08-03T15:23:43Z" name="Test" finished-at="2023-08-03T15:24:08Z" duration-ms="25865">
      <class name="testcases.PIMValidationTests">
        <test-method signature="checkMainLinks()[pri:0, instance:testcases.PIMValidationTests@6622fc65]" started-at="2023-08-03T15:23:49Z" name="checkMainLinks" finished-at="2023-08-03T15:23:59Z" duration-ms="10096" status="PASS">
          <reporter-output>
          </reporter-output>
        </test-method> <!-- checkMainLinks -->
      </class> <!-- testcases.PIMValidationTests -->
      <class name="testcases.NewUserJourney">
        <test-method signature="loginAccount()[pri:0, instance:testcases.NewUserJourney@d3957fe]" started-at="2023-08-03T15:23:43Z" name="loginAccount" finished-at="2023-08-03T15:23:49Z" duration-ms="6223" status="PASS">
          <reporter-output>
          </reporter-output>
        </test-method> <!-- loginAccount -->
      </class> <!-- testcases.NewUserJourney -->
      <class name="testcases.DashboardValidationTests">
        <test-method signature="checkDashboard()[pri:0, instance:testcases.DashboardValidationTests@299321e2]" started-at="2023-08-03T15:23:59Z" name="checkDashboard" finished-at="2023-08-03T15:24:08Z" duration-ms="9519" status="PASS">
          <reporter-output>
          </reporter-output>
        </test-method> <!-- checkDashboard -->
      </class> <!-- testcases.DashboardValidationTests -->
    </test> <!-- Test -->
  </suite> <!-- Suite -->
</testng-results>
